Determining if the pthread_create exist failed with the following output:
Change Dir: /home/jenny/Firmware/build/px4_sitl_default/build_gazebo/CMakeFiles/CMakeTmp

Run Build Command:"/usr/bin/ninja" "cmTC_0ea08"
[1/2] Building C object CMakeFiles/cmTC_0ea08.dir/CheckSymbolExists.c.o
[2/2] Linking C executable cmTC_0ea08
FAILED: cmTC_0ea08 
: && /usr/bin/cc    CMakeFiles/cmTC_0ea08.dir/CheckSymbolExists.c.o  -o cmTC_0ea08   && :
CMakeFiles/cmTC_0ea08.dir/CheckSymbolExists.c.o: In function `main':
CheckSymbolExists.c:(.text+0x1b): undefined reference to `pthread_create'
collect2: error: ld returned 1 exit status
ninja: build stopped: subcommand failed.

File /home/jenny/Firmware/build/px4_sitl_default/build_gazebo/CMakeFiles/CMakeTmp/CheckSymbolExists.c:
/* */
#include <pthread.h>

int main(int argc, char** argv)
{
  (void)argv;
#ifndef pthread_create
  return ((int*)(&pthread_create))[argc];
#else
  (void)argc;
  return 0;
#endif
}

Determining if the function pthread_create exists in the pthreads failed with the following output:
Change Dir: /home/jenny/Firmware/build/px4_sitl_default/build_gazebo/CMakeFiles/CMakeTmp

Run Build Command:"/usr/bin/ninja" "cmTC_b71c2"
[1/2] Building C object CMakeFiles/cmTC_b71c2.dir/CheckFunctionExists.c.o
[2/2] Linking C executable cmTC_b71c2
FAILED: cmTC_b71c2 
: && /usr/bin/cc -DCHECK_FUNCTION_EXISTS=pthread_create   CMakeFiles/cmTC_b71c2.dir/CheckFunctionExists.c.o  -o cmTC_b71c2  -lpthreads && :
/usr/bin/ld: cannot find -lpthreads
collect2: error: ld returned 1 exit status
ninja: build stopped: subcommand failed.


